<node>
	<!-- uk.co.flypig.test:
			 @short_description: Example docs generated by gdbus-codegen
			 @since: 2.30

			 This D-Bus interface is used for testing.
		-->
	<interface name="uk.co.flypig.test">
		<!--
				Prod:

				Print a line to the logfile and optionally beep.
			-->
		<method name="Prod">
			<arg direction="in" type="b" name="beep"/>
		</method>

		<!--
				Increment:
				@value: The number to increment.
				@increment: returns value + 1.

				Increment an integer value by 1.
			-->
		<method name="Increment">
			<arg direction="in" type="i" name="value"/>

			<arg direction="out" type="i" name="increment"/>
		</method>

		<!--
				Exit:

				Quit the service.
			-->
		<method name="Exit">
		</method>

	</interface>
</node>


